<?xml version="1.0" encoding="UTF-8"?>
<!-- Generated by org.testng.reporters.JUnitReportReporter -->
<testsuite skipped="0" hostname="STEFANM" name="demos.Expedia" tests="1" failures="0" timestamp="10 Jan 2018 15:07:26 GMT" time="36.221" errors="0">
  <testcase name="hotelReservation" time="36.221" classname="demos.Expedia"/>
</testsuite> <!-- demos.Expedia -->
