<?xml version="1.0" encoding="UTF-8"?>
<!-- Generated by org.testng.reporters.JUnitReportReporter -->
<testsuite skipped="0" hostname="STEFANM" name="smoketests.ATagsTest" tests="1" failures="0" timestamp="09 Jan 2018 13:48:31 GMT" time="8.257" errors="0">
  <testcase name="loginElementsPresent" time="8.257" classname="smoketests.ATagsTest"/>
</testsuite> <!-- smoketests.ATagsTest -->
