<?xml version="1.0" encoding="UTF-8"?>
<!-- Generated by org.testng.reporters.JUnitReportReporter -->
<testsuite skipped="0" hostname="STEFANM" name="smoketests.LoginPresentTestNG" tests="1" failures="0" timestamp="05 Jan 2018 16:08:36 GMT" time="9.047" errors="0">
  <testcase name="loginElementsPresent" time="9.047" classname="smoketests.LoginPresentTestNG"/>
</testsuite> <!-- smoketests.LoginPresentTestNG -->
